<?xml version="1.0" encoding="UTF-8"?>
<testsuites name="Amazon_ValidateSearch_002" time="136.953" tests="3" failures="1" errors="0">
   <testsuite name="Amazon_ValidateSearch_002" tests="3" failures="1" errors="0" time="136.953" skipped="0" timestamp="23-01-2024T09:35:00" hostname="tsgte - TEJASIVAGANESH" id="Test Suites/Amazon_TestSuits/Amazon_ValidateSearch_002">
      <properties>
         <property name="deviceName" value=""/>
         <property name="devicePlatform" value=""/>
         <property name="logFolder" value="C:\\Users\\tsgte\\git\\TSG25-Software_testing_automation_amazon\\Reports\\20240123_093448\\Amazon_TestSuits\\Amazon_ValidateSearch_002\\20240123_093454"/>
         <property name="logFiles" value="C:\\Users\\tsgte\\git\\TSG25-Software_testing_automation_amazon\\Reports\\20240123_093448\\Amazon_TestSuits\\Amazon_ValidateSearch_002\\20240123_093454\\execution0.log"/>
         <property name="attachments" value="C:\\Users\\tsgte\\git\\TSG25-Software_testing_automation_amazon\\Reports\\20240123_093448\\Amazon_TestSuits\\Amazon_ValidateSearch_002\\20240123_093454\\1705982741405.png"/>
         <property name="hostName" value="tsgte - TEJASIVAGANESH"/>
         <property name="os" value="Windows 11 64bit"/>
         <property name="katalonVersion" value="9.2.0.212"/>
         <property name="browser" value="Chrome 120.0.0.0"/>
         <property name="hostAddress" value="192.168.76.1"/>
         <property name="sessionId" value="670533655e6ba33c074a6418af36e577"/>
         <property name="seleniumVersion" value="3.141.59"/>
         <property name="proxyInformation" value="ProxyInformation { proxyOption=NO_PROXY, proxyServerType=HTTP, username=, password=********, proxyServerAddress=, proxyServerPort=0, executionList=&quot;&quot;, isApplyToDesiredCapabilities=true }"/>
         <property name="platform" value="Windows 11"/>
      </properties>
      <testcase name="Test Cases/TC_Amazon_ValidateSearchFieldItem_002" time="40.715" classname="Test Cases/TC_Amazon_ValidateSearchFieldItem_002" status="FAILED">
         <failure type="FAILED" message="Test Cases/TC_Amazon_ValidateSearchFieldItem_002 FAILED.&#xa;Reason:&#xa;com.kms.katalon.core.exception.StepFailedException: Unable to click on object 'Object Repository/AmazonPages/Amazon_ValidateSearchFieldItem_OR/Category_Elements/Page_Amazon.com. Spend less. Smile more/span_Account  Lists'&#xa;	at com.kms.katalon.core.webui.keyword.internal.WebUIKeywordMain.stepFailed(WebUIKeywordMain.groovy:64)&#xa;	at com.kms.katalon.core.webui.keyword.internal.WebUIKeywordMain.runKeyword(WebUIKeywordMain.groovy:26)&#xa;	at com.kms.katalon.core.webui.keyword.builtin.ClickKeyword.click(ClickKeyword.groovy:74)&#xa;	at com.kms.katalon.core.webui.keyword.builtin.ClickKeyword.execute(ClickKeyword.groovy:40)&#xa;	at com.kms.katalon.core.keyword.internal.KeywordExecutor.executeKeywordForPlatform(KeywordExecutor.groovy:74)&#xa;	at com.kms.katalon.core.webui.keyword.WebUiBuiltInKeywords.click(WebUiBuiltInKeywords.groovy:659)&#xa;	at com.kms.katalon.core.webui.keyword.WebUiBuiltInKeywords$click$1.call(Unknown Source)&#xa;	at TC_Amazon_ValidateSearchFieldItem_002.run(TC_Amazon_ValidateSearchFieldItem_002:24)&#xa;	at com.kms.katalon.core.main.ScriptEngine.run(ScriptEngine.java:194)&#xa;	at com.kms.katalon.core.main.ScriptEngine.runScriptAsRawText(ScriptEngine.java:119)&#xa;	at com.kms.katalon.core.main.TestCaseExecutor.runScript(TestCaseExecutor.java:448)&#xa;	at com.kms.katalon.core.main.TestCaseExecutor.doExecute(TestCaseExecutor.java:439)&#xa;	at com.kms.katalon.core.main.TestCaseExecutor.processExecutionPhase(TestCaseExecutor.java:418)&#xa;	at com.kms.katalon.core.main.TestCaseExecutor.accessMainPhase(TestCaseExecutor.java:410)&#xa;	at com.kms.katalon.core.main.TestCaseExecutor.execute(TestCaseExecutor.java:285)&#xa;	at com.kms.katalon.core.common.CommonExecutor.accessTestCaseMainPhase(CommonExecutor.java:65)&#xa;	at com.kms.katalon.core.main.TestSuiteExecutor.accessTestSuiteMainPhase(TestSuiteExecutor.java:148)&#xa;	at com.kms.katalon.core.main.TestSuiteExecutor.execute(TestSuiteExecutor.java:106)&#xa;	at com.kms.katalon.core.main.TestCaseMain.startTestSuite(TestCaseMain.java:180)&#xa;	at com.kms.katalon.core.main.TestCaseMain$startTestSuite$0.call(Unknown Source)&#xa;	at TempTestSuite1705982694830.run(TempTestSuite1705982694830.groovy:36)&#xa;	at java.base/jdk.internal.reflect.NativeMethodAccessorImpl.invoke0(Native Method)&#xa;	at java.base/jdk.internal.reflect.NativeMethodAccessorImpl.invoke(NativeMethodAccessorImpl.java:77)&#xa;	at java.base/jdk.internal.reflect.DelegatingMethodAccessorImpl.invoke(DelegatingMethodAccessorImpl.java:43)&#xa;Caused by: com.kms.katalon.core.webui.exception.WebElementNotFoundException: Web element with id: 'Object Repository/AmazonPages/Amazon_ValidateSearchFieldItem_OR/Category_Elements/Page_Amazon.com. Spend less. Smile more/span_Account  Lists' located by '//a[@id='nav-link-accountList']/span' not found&#xa;	at com.kms.katalon.core.webui.common.WebUiCommonHelper.findWebElement(WebUiCommonHelper.java:1379)&#xa;	at com.kms.katalon.core.webui.keyword.internal.WebUIAbstractKeyword.findWebElement(WebUIAbstractKeyword.groovy:27)&#xa;	at com.kms.katalon.core.webui.keyword.builtin.ClickKeyword$_click_closure1.doCall(ClickKeyword.groovy:65)&#xa;	at com.kms.katalon.core.webui.keyword.builtin.ClickKeyword$_click_closure1.call(ClickKeyword.groovy)&#xa;	at com.kms.katalon.core.webui.keyword.internal.WebUIKeywordMain.runKeyword(WebUIKeywordMain.groovy:20)&#xa;	... 22 more&#xa;"/>
         <system-out><![CDATA[23-01-2024T09:35:00 - [TEST_CASE][FAILED] - Test Cases/TC_Amazon_ValidateSearchFieldItem_002: Test Cases/TC_Amazon_ValidateSearchFieldItem_002 FAILED.
Reason:
com.kms.katalon.core.exception.StepFailedException: Unable to click on object 'Object Repository/AmazonPages/Amazon_ValidateSearchFieldItem_OR/Category_Elements/Page_Amazon.com. Spend less. Smile more/span_Account  Lists'
	at com.kms.katalon.core.webui.keyword.internal.WebUIKeywordMain.stepFailed(WebUIKeywordMain.groovy:64)
	at com.kms.katalon.core.webui.keyword.internal.WebUIKeywordMain.runKeyword(WebUIKeywordMain.groovy:26)
	at com.kms.katalon.core.webui.keyword.builtin.ClickKeyword.click(ClickKeyword.groovy:74)
	at com.kms.katalon.core.webui.keyword.builtin.ClickKeyword.execute(ClickKeyword.groovy:40)
	at com.kms.katalon.core.keyword.internal.KeywordExecutor.executeKeywordForPlatform(KeywordExecutor.groovy:74)
	at com.kms.katalon.core.webui.keyword.WebUiBuiltInKeywords.click(WebUiBuiltInKeywords.groovy:659)
	at com.kms.katalon.core.webui.keyword.WebUiBuiltInKeywords$click$1.call(Unknown Source)
	at TC_Amazon_ValidateSearchFieldItem_002.run(TC_Amazon_ValidateSearchFieldItem_002:24)
	at com.kms.katalon.core.main.ScriptEngine.run(ScriptEngine.java:194)
	at com.kms.katalon.core.main.ScriptEngine.runScriptAsRawText(ScriptEngine.java:119)
	at com.kms.katalon.core.main.TestCaseExecutor.runScript(TestCaseExecutor.java:448)
	at com.kms.katalon.core.main.TestCaseExecutor.doExecute(TestCaseExecutor.java:439)
	at com.kms.katalon.core.main.TestCaseExecutor.processExecutionPhase(TestCaseExecutor.java:418)
	at com.kms.katalon.core.main.TestCaseExecutor.accessMainPhase(TestCaseExecutor.java:410)
	at com.kms.katalon.core.main.TestCaseExecutor.execute(TestCaseExecutor.java:285)
	at com.kms.katalon.core.common.CommonExecutor.accessTestCaseMainPhase(CommonExecutor.java:65)
	at com.kms.katalon.core.main.TestSuiteExecutor.accessTestSuiteMainPhase(TestSuiteExecutor.java:148)
	at com.kms.katalon.core.main.TestSuiteExecutor.execute(TestSuiteExecutor.java:106)
	at com.kms.katalon.core.main.TestCaseMain.startTestSuite(TestCaseMain.java:180)
	at com.kms.katalon.core.main.TestCaseMain$startTestSuite$0.call(Unknown Source)
	at TempTestSuite1705982694830.run(TempTestSuite1705982694830.groovy:36)
	at java.base/jdk.internal.reflect.NativeMethodAccessorImpl.invoke0(Native Method)
	at java.base/jdk.internal.reflect.NativeMethodAccessorImpl.invoke(NativeMethodAccessorImpl.java:77)
	at java.base/jdk.internal.reflect.DelegatingMethodAccessorImpl.invoke(DelegatingMethodAccessorImpl.java:43)
Caused by: com.kms.katalon.core.webui.exception.WebElementNotFoundException: Web element with id: 'Object Repository/AmazonPages/Amazon_ValidateSearchFieldItem_OR/Category_Elements/Page_Amazon.com. Spend less. Smile more/span_Account  Lists' located by '//a[@id='nav-link-accountList']/span' not found
	at com.kms.katalon.core.webui.common.WebUiCommonHelper.findWebElement(WebUiCommonHelper.java:1379)
	at com.kms.katalon.core.webui.keyword.internal.WebUIAbstractKeyword.findWebElement(WebUIAbstractKeyword.groovy:27)
	at com.kms.katalon.core.webui.keyword.builtin.ClickKeyword$_click_closure1.doCall(ClickKeyword.groovy:65)
	at com.kms.katalon.core.webui.keyword.builtin.ClickKeyword$_click_closure1.call(ClickKeyword.groovy)
	at com.kms.katalon.core.webui.keyword.internal.WebUIKeywordMain.runKeyword(WebUIKeywordMain.groovy:20)
	... 22 more


23-01-2024T09:35:00 - [TEST_STEP][PASSED] - Start listener action : sampleBeforeTestCase: null

23-01-2024T09:35:00 - [TEST_STEP][PASSED] - println(testCaseContext.getTestCaseId()): null

23-01-2024T09:35:00 - [TEST_STEP][PASSED] - println(testCaseContext.getTestCaseVariables()): null

23-01-2024T09:35:00 - [TEST_STEP][PASSED] - openBrowser(""): Browser is opened with url: ''

23-01-2024T09:35:01 - [MESSAGE][INFO] - Starting 'Chrome' driver

23-01-2024T09:35:01 - [MESSAGE][INFO] - Action delay is set to 0 milliseconds

23-01-2024T09:35:03 - [MESSAGE][PASSED] - Browser is opened with url: ''

23-01-2024T09:35:03 - [TEST_STEP][PASSED] - navigateToUrl("https://www.amazon.com/"): Navigate to 'https://www.amazon.com/' successfully

23-01-2024T09:35:06 - [MESSAGE][PASSED] - Navigate to 'https://www.amazon.com/' successfully

23-01-2024T09:35:06 - [TEST_STEP][FAILED] - click(findTestObject("AmazonPages/Amazon_ValidateSearchFieldItem_OR/Category_Elements/Page_Amazon.com. Spend less. Smile more/span_Account  Lists")): Unable to click on object 'Object Repository/AmazonPages/Amazon_ValidateSearchFieldItem_OR/Category_Elements/Page_Amazon.com. Spend less. Smile more/span_Account  Lists' (Root cause: com.kms.katalon.core.exception.StepFailedException: Unable to click on object 'Object Repository/AmazonPages/Amazon_ValidateSearchFieldItem_OR/Category_Elements/Page_Amazon.com. Spend less. Smile more/span_Account  Lists'
	at com.kms.katalon.core.webui.keyword.internal.WebUIKeywordMain.stepFailed(WebUIKeywordMain.groovy:64)
	at com.kms.katalon.core.webui.keyword.internal.WebUIKeywordMain.runKeyword(WebUIKeywordMain.groovy:26)
	at com.kms.katalon.core.webui.keyword.builtin.ClickKeyword.click(ClickKeyword.groovy:74)
	at com.kms.katalon.core.webui.keyword.builtin.ClickKeyword.execute(ClickKeyword.groovy:40)
	at com.kms.katalon.core.keyword.internal.KeywordExecutor.executeKeywordForPlatform(KeywordExecutor.groovy:74)
	at com.kms.katalon.core.webui.keyword.WebUiBuiltInKeywords.click(WebUiBuiltInKeywords.groovy:659)
	at com.kms.katalon.core.webui.keyword.WebUiBuiltInKeywords$click$1.call(Unknown Source)
	at TC_Amazon_ValidateSearchFieldItem_002.run(TC_Amazon_ValidateSearchFieldItem_002:24)
	at com.kms.katalon.core.main.ScriptEngine.run(ScriptEngine.java:194)
	at com.kms.katalon.core.main.ScriptEngine.runScriptAsRawText(ScriptEngine.java:119)
	at com.kms.katalon.core.main.TestCaseExecutor.runScript(TestCaseExecutor.java:448)
	at com.kms.katalon.core.main.TestCaseExecutor.doExecute(TestCaseExecutor.java:439)
	at com.kms.katalon.core.main.TestCaseExecutor.processExecutionPhase(TestCaseExecutor.java:418)
	at com.kms.katalon.core.main.TestCaseExecutor.accessMainPhase(TestCaseExecutor.java:410)
	at com.kms.katalon.core.main.TestCaseExecutor.execute(TestCaseExecutor.java:285)
	at com.kms.katalon.core.common.CommonExecutor.accessTestCaseMainPhase(CommonExecutor.java:65)
	at com.kms.katalon.core.main.TestSuiteExecutor.accessTestSuiteMainPhase(TestSuiteExecutor.java:148)
	at com.kms.katalon.core.main.TestSuiteExecutor.execute(TestSuiteExecutor.java:106)
	at com.kms.katalon.core.main.TestCaseMain.startTestSuite(TestCaseMain.java:180)
	at com.kms.katalon.core.main.TestCaseMain$startTestSuite$0.call(Unknown Source)
	at TempTestSuite1705982694830.run(TempTestSuite1705982694830.groovy:36)
	at java.base/jdk.internal.reflect.NativeMethodAccessorImpl.invoke0(Native Method)
	at java.base/jdk.internal.reflect.NativeMethodAccessorImpl.invoke(NativeMethodAccessorImpl.java:77)
	at java.base/jdk.internal.reflect.DelegatingMethodAccessorImpl.invoke(DelegatingMethodAccessorImpl.java:43)
Caused by: com.kms.katalon.core.webui.exception.WebElementNotFoundException: Web element with id: 'Object Repository/AmazonPages/Amazon_ValidateSearchFieldItem_OR/Category_Elements/Page_Amazon.com. Spend less. Smile more/span_Account  Lists' located by '//a[@id='nav-link-accountList']/span' not found
	at com.kms.katalon.core.webui.common.WebUiCommonHelper.findWebElement(WebUiCommonHelper.java:1379)
	at com.kms.katalon.core.webui.keyword.internal.WebUIAbstractKeyword.findWebElement(WebUIAbstractKeyword.groovy:27)
	at com.kms.katalon.core.webui.keyword.builtin.ClickKeyword$_click_closure1.doCall(ClickKeyword.groovy:65)
	at com.kms.katalon.core.webui.keyword.builtin.ClickKeyword$_click_closure1.call(ClickKeyword.groovy)
	at com.kms.katalon.core.webui.keyword.internal.WebUIKeywordMain.runKeyword(WebUIKeywordMain.groovy:20)
	at com.kms.katalon.core.webui.keyword.builtin.ClickKeyword.click(ClickKeyword.groovy:74)
	at com.kms.katalon.core.webui.keyword.builtin.ClickKeyword.execute(ClickKeyword.groovy:40)
	at com.kms.katalon.core.keyword.internal.KeywordExecutor.executeKeywordForPlatform(KeywordExecutor.groovy:74)
	at com.kms.katalon.core.webui.keyword.WebUiBuiltInKeywords.click(WebUiBuiltInKeywords.groovy:659)
	at com.kms.katalon.core.webui.keyword.WebUiBuiltInKeywords$click$1.call(Unknown Source)
	at Script1705834042618.run(Script1705834042618.groovy:24)
	... 16 more
)

23-01-2024T09:35:37 - [MESSAGE][INFO] - Unable to find the element located by 'By.xpath: //a[@id='nav-link-accountList']/span'. Please recheck the objects properties to make sure the desired element is located. 

23-01-2024T09:35:37 - [MESSAGE][WARNING] - [SELF-HEALING] Failed to find element with id 'Object Repository/AmazonPages/Amazon_ValidateSearchFieldItem_OR/Category_Elements/Page_Amazon.com. Spend less. Smile more/span_Account  Lists'. Try using Self-healing.

23-01-2024T09:35:37 - [MESSAGE][INFO] - [SELF-HEALING] Failed Locator: '//a[@id='nav-link-accountList']/span'.

23-01-2024T09:35:38 - [MESSAGE][INFO] - [SELF-HEALING] Failed Locator: '//a[2]/span'.

23-01-2024T09:35:38 - [MESSAGE][INFO] - [SELF-HEALING] Failed Locator: '//span[(text() = 'Account & Lists
  ' or . = 'Account & Lists
  ')]'.

23-01-2024T09:35:38 - [MESSAGE][INFO] - [SELF-HEALING] Failed Locator: '//a[@id='nav-link-accountList']/span'.

23-01-2024T09:35:38 - [MESSAGE][INFO] - [SELF-HEALING] Failed Locator: '//a[2]/span'.

23-01-2024T09:35:39 - [MESSAGE][INFO] - [SELF-HEALING] Failed Locator: '//span[(text() = 'Account & Lists
  ' or . = 'Account & Lists
  ')]'.

23-01-2024T09:35:40 - [MESSAGE][INFO] - Unable to find the element located by 'By.xpath: //*[(text() = 'Account & Lists
  ' or . = 'Account & Lists
  ')]'. Please recheck the objects properties to make sure the desired element is located. 

23-01-2024T09:35:41 - [MESSAGE][INFO] - Unable to find the element located by 'By.cssSelector: '. Please recheck the objects properties to make sure the desired element is located. 

23-01-2024T09:35:41 - [MESSAGE][FAILED] - Unable to click on object 'Object Repository/AmazonPages/Amazon_ValidateSearchFieldItem_OR/Category_Elements/Page_Amazon.com. Spend less. Smile more/span_Account  Lists' (Root cause: com.kms.katalon.core.exception.StepFailedException: Unable to click on object 'Object Repository/AmazonPages/Amazon_ValidateSearchFieldItem_OR/Category_Elements/Page_Amazon.com. Spend less. Smile more/span_Account  Lists'
	at com.kms.katalon.core.webui.keyword.internal.WebUIKeywordMain.stepFailed(WebUIKeywordMain.groovy:64)
	at com.kms.katalon.core.webui.keyword.internal.WebUIKeywordMain.runKeyword(WebUIKeywordMain.groovy:26)
	at com.kms.katalon.core.webui.keyword.builtin.ClickKeyword.click(ClickKeyword.groovy:74)
	at com.kms.katalon.core.webui.keyword.builtin.ClickKeyword.execute(ClickKeyword.groovy:40)
	at com.kms.katalon.core.keyword.internal.KeywordExecutor.executeKeywordForPlatform(KeywordExecutor.groovy:74)
	at com.kms.katalon.core.webui.keyword.WebUiBuiltInKeywords.click(WebUiBuiltInKeywords.groovy:659)
	at com.kms.katalon.core.webui.keyword.WebUiBuiltInKeywords$click$1.call(Unknown Source)
	at TC_Amazon_ValidateSearchFieldItem_002.run(TC_Amazon_ValidateSearchFieldItem_002:24)
	at com.kms.katalon.core.main.ScriptEngine.run(ScriptEngine.java:194)
	at com.kms.katalon.core.main.ScriptEngine.runScriptAsRawText(ScriptEngine.java:119)
	at com.kms.katalon.core.main.TestCaseExecutor.runScript(TestCaseExecutor.java:448)
	at com.kms.katalon.core.main.TestCaseExecutor.doExecute(TestCaseExecutor.java:439)
	at com.kms.katalon.core.main.TestCaseExecutor.processExecutionPhase(TestCaseExecutor.java:418)
	at com.kms.katalon.core.main.TestCaseExecutor.accessMainPhase(TestCaseExecutor.java:410)
	at com.kms.katalon.core.main.TestCaseExecutor.execute(TestCaseExecutor.java:285)
	at com.kms.katalon.core.common.CommonExecutor.accessTestCaseMainPhase(CommonExecutor.java:65)
	at com.kms.katalon.core.main.TestSuiteExecutor.accessTestSuiteMainPhase(TestSuiteExecutor.java:148)
	at com.kms.katalon.core.main.TestSuiteExecutor.execute(TestSuiteExecutor.java:106)
	at com.kms.katalon.core.main.TestCaseMain.startTestSuite(TestCaseMain.java:180)
	at com.kms.katalon.core.main.TestCaseMain$startTestSuite$0.call(Unknown Source)
	at TempTestSuite1705982694830.run(TempTestSuite1705982694830.groovy:36)
	at java.base/jdk.internal.reflect.NativeMethodAccessorImpl.invoke0(Native Method)
	at java.base/jdk.internal.reflect.NativeMethodAccessorImpl.invoke(NativeMethodAccessorImpl.java:77)
	at java.base/jdk.internal.reflect.DelegatingMethodAccessorImpl.invoke(DelegatingMethodAccessorImpl.java:43)
Caused by: com.kms.katalon.core.webui.exception.WebElementNotFoundException: Web element with id: 'Object Repository/AmazonPages/Amazon_ValidateSearchFieldItem_OR/Category_Elements/Page_Amazon.com. Spend less. Smile more/span_Account  Lists' located by '//a[@id='nav-link-accountList']/span' not found
	at com.kms.katalon.core.webui.common.WebUiCommonHelper.findWebElement(WebUiCommonHelper.java:1379)
	at com.kms.katalon.core.webui.keyword.internal.WebUIAbstractKeyword.findWebElement(WebUIAbstractKeyword.groovy:27)
	at com.kms.katalon.core.webui.keyword.builtin.ClickKeyword$_click_closure1.doCall(ClickKeyword.groovy:65)
	at com.kms.katalon.core.webui.keyword.builtin.ClickKeyword$_click_closure1.call(ClickKeyword.groovy)
	at com.kms.katalon.core.webui.keyword.internal.WebUIKeywordMain.runKeyword(WebUIKeywordMain.groovy:20)
	at com.kms.katalon.core.webui.keyword.builtin.ClickKeyword.click(ClickKeyword.groovy:74)
	at com.kms.katalon.core.webui.keyword.builtin.ClickKeyword.execute(ClickKeyword.groovy:40)
	at com.kms.katalon.core.keyword.internal.KeywordExecutor.executeKeywordForPlatform(KeywordExecutor.groovy:74)
	at com.kms.katalon.core.webui.keyword.WebUiBuiltInKeywords.click(WebUiBuiltInKeywords.groovy:659)
	at com.kms.katalon.core.webui.keyword.WebUiBuiltInKeywords$click$1.call(Unknown Source)
	at Script1705834042618.run(Script1705834042618.groovy:24)
	... 16 more
)
[[ATTACHMENT|C:\\Users\\tsgte\\git\\TSG25-Software_testing_automation_amazon\\Reports\\20240123_093448\\Amazon_TestSuits\\Amazon_ValidateSearch_002\\20240123_093454\\1705982741405.png]]

23-01-2024T09:35:41 - [TEST_STEP][PASSED] - Start listener action : sampleAfterTestCase: null

23-01-2024T09:35:41 - [TEST_STEP][PASSED] - println(testCaseContext.getTestCaseId()): null

23-01-2024T09:35:41 - [TEST_STEP][PASSED] - println(testCaseContext.getTestCaseStatus()): null]]></system-out>
         <system-err><![CDATA[23-01-2024T09:35:00 - [TEST_CASE][FAILED] - Test Cases/TC_Amazon_ValidateSearchFieldItem_002: Test Cases/TC_Amazon_ValidateSearchFieldItem_002 FAILED.
Reason:
com.kms.katalon.core.exception.StepFailedException: Unable to click on object 'Object Repository/AmazonPages/Amazon_ValidateSearchFieldItem_OR/Category_Elements/Page_Amazon.com. Spend less. Smile more/span_Account  Lists'
	at com.kms.katalon.core.webui.keyword.internal.WebUIKeywordMain.stepFailed(WebUIKeywordMain.groovy:64)
	at com.kms.katalon.core.webui.keyword.internal.WebUIKeywordMain.runKeyword(WebUIKeywordMain.groovy:26)
	at com.kms.katalon.core.webui.keyword.builtin.ClickKeyword.click(ClickKeyword.groovy:74)
	at com.kms.katalon.core.webui.keyword.builtin.ClickKeyword.execute(ClickKeyword.groovy:40)
	at com.kms.katalon.core.keyword.internal.KeywordExecutor.executeKeywordForPlatform(KeywordExecutor.groovy:74)
	at com.kms.katalon.core.webui.keyword.WebUiBuiltInKeywords.click(WebUiBuiltInKeywords.groovy:659)
	at com.kms.katalon.core.webui.keyword.WebUiBuiltInKeywords$click$1.call(Unknown Source)
	at TC_Amazon_ValidateSearchFieldItem_002.run(TC_Amazon_ValidateSearchFieldItem_002:24)
	at com.kms.katalon.core.main.ScriptEngine.run(ScriptEngine.java:194)
	at com.kms.katalon.core.main.ScriptEngine.runScriptAsRawText(ScriptEngine.java:119)
	at com.kms.katalon.core.main.TestCaseExecutor.runScript(TestCaseExecutor.java:448)
	at com.kms.katalon.core.main.TestCaseExecutor.doExecute(TestCaseExecutor.java:439)
	at com.kms.katalon.core.main.TestCaseExecutor.processExecutionPhase(TestCaseExecutor.java:418)
	at com.kms.katalon.core.main.TestCaseExecutor.accessMainPhase(TestCaseExecutor.java:410)
	at com.kms.katalon.core.main.TestCaseExecutor.execute(TestCaseExecutor.java:285)
	at com.kms.katalon.core.common.CommonExecutor.accessTestCaseMainPhase(CommonExecutor.java:65)
	at com.kms.katalon.core.main.TestSuiteExecutor.accessTestSuiteMainPhase(TestSuiteExecutor.java:148)
	at com.kms.katalon.core.main.TestSuiteExecutor.execute(TestSuiteExecutor.java:106)
	at com.kms.katalon.core.main.TestCaseMain.startTestSuite(TestCaseMain.java:180)
	at com.kms.katalon.core.main.TestCaseMain$startTestSuite$0.call(Unknown Source)
	at TempTestSuite1705982694830.run(TempTestSuite1705982694830.groovy:36)
	at java.base/jdk.internal.reflect.NativeMethodAccessorImpl.invoke0(Native Method)
	at java.base/jdk.internal.reflect.NativeMethodAccessorImpl.invoke(NativeMethodAccessorImpl.java:77)
	at java.base/jdk.internal.reflect.DelegatingMethodAccessorImpl.invoke(DelegatingMethodAccessorImpl.java:43)
Caused by: com.kms.katalon.core.webui.exception.WebElementNotFoundException: Web element with id: 'Object Repository/AmazonPages/Amazon_ValidateSearchFieldItem_OR/Category_Elements/Page_Amazon.com. Spend less. Smile more/span_Account  Lists' located by '//a[@id='nav-link-accountList']/span' not found
	at com.kms.katalon.core.webui.common.WebUiCommonHelper.findWebElement(WebUiCommonHelper.java:1379)
	at com.kms.katalon.core.webui.keyword.internal.WebUIAbstractKeyword.findWebElement(WebUIAbstractKeyword.groovy:27)
	at com.kms.katalon.core.webui.keyword.builtin.ClickKeyword$_click_closure1.doCall(ClickKeyword.groovy:65)
	at com.kms.katalon.core.webui.keyword.builtin.ClickKeyword$_click_closure1.call(ClickKeyword.groovy)
	at com.kms.katalon.core.webui.keyword.internal.WebUIKeywordMain.runKeyword(WebUIKeywordMain.groovy:20)
	... 22 more]]></system-err>
      </testcase>
      <testcase name="Test Cases/TC_Amazon_ValidateSearchFieldItem_002" time="61.166" classname="Test Cases/TC_Amazon_ValidateSearchFieldItem_002" status="PASSED">
         <system-out><![CDATA[23-01-2024T09:35:41 - [TEST_CASE][PASSED] - Test Cases/TC_Amazon_ValidateSearchFieldItem_002: Test Cases/TC_Amazon_ValidateSearchFieldItem_002

23-01-2024T09:35:41 - [TEST_STEP][PASSED] - Start listener action : sampleBeforeTestCase: null

23-01-2024T09:35:41 - [TEST_STEP][PASSED] - println(testCaseContext.getTestCaseId()): null

23-01-2024T09:35:41 - [TEST_STEP][PASSED] - println(testCaseContext.getTestCaseVariables()): null

23-01-2024T09:35:41 - [TEST_STEP][PASSED] - openBrowser(""): Browser is opened with url: ''

23-01-2024T09:35:41 - [MESSAGE][WARNING] - A browser is already opened. Closing browser and opening a new one

23-01-2024T09:35:41 - [MESSAGE][INFO] - Starting 'Chrome' driver

23-01-2024T09:35:41 - [MESSAGE][INFO] - Action delay is set to 0 milliseconds

23-01-2024T09:35:42 - [MESSAGE][PASSED] - Browser is opened with url: ''

23-01-2024T09:35:42 - [TEST_STEP][PASSED] - navigateToUrl("https://www.amazon.com/"): Navigate to 'https://www.amazon.com/' successfully

23-01-2024T09:35:45 - [MESSAGE][PASSED] - Navigate to 'https://www.amazon.com/' successfully

23-01-2024T09:35:45 - [TEST_STEP][PASSED] - click(findTestObject("AmazonPages/Amazon_ValidateSearchFieldItem_OR/Category_Elements/Page_Amazon.com. Spend less. Smile more/span_Account  Lists")): Object: 'Object Repository/AmazonPages/Amazon_ValidateSearchFieldItem_OR/Category_Elements/Page_Amazon.com. Spend less. Smile more/span_Account  Lists' is clicked on

23-01-2024T09:36:17 - [MESSAGE][PASSED] - Object: 'Object Repository/AmazonPages/Amazon_ValidateSearchFieldItem_OR/Category_Elements/Page_Amazon.com. Spend less. Smile more/span_Account  Lists' is clicked on

23-01-2024T09:36:17 - [TEST_STEP][PASSED] - setText(findTestObject("AmazonPages/Amazon_ValidateSearchFieldItem_OR/Category_Elements/Page_Amazon Sign-In/input_Email or mobile phone number_email"), "yakatejasivaganeshtsg@gmail.com"): Text 'yakatejasivaganeshtsg@gmail.com' is set on object 'Object Repository/AmazonPages/Amazon_ValidateSearchFieldItem_OR/Category_Elements/Page_Amazon Sign-In/input_Email or mobile phone number_email'

23-01-2024T09:36:19 - [MESSAGE][PASSED] - Text 'yakatejasivaganeshtsg@gmail.com' is set on object 'Object Repository/AmazonPages/Amazon_ValidateSearchFieldItem_OR/Category_Elements/Page_Amazon Sign-In/input_Email or mobile phone number_email'

23-01-2024T09:36:19 - [TEST_STEP][PASSED] - click(findTestObject("AmazonPages/Amazon_ValidateSearchFieldItem_OR/Page_Amazon Sign-In/input_Enter your email or mobile phone number_continue")): Object: 'Object Repository/AmazonPages/Amazon_ValidateSearchFieldItem_OR/Page_Amazon Sign-In/input_Enter your email or mobile phone number_continue' is clicked on

23-01-2024T09:36:21 - [MESSAGE][PASSED] - Object: 'Object Repository/AmazonPages/Amazon_ValidateSearchFieldItem_OR/Page_Amazon Sign-In/input_Enter your email or mobile phone number_continue' is clicked on

23-01-2024T09:36:21 - [TEST_STEP][PASSED] - setEncryptedText(findTestObject("AmazonPages/Amazon_ValidateSearchFieldItem_OR/Category_Elements/Page_Amazon Sign-In/input_Forgot your password_password"), "ZGM6yvwC5UE/mm6ehKw+qw=="): Text ****** has been set on object 'Object Repository/AmazonPages/Amazon_ValidateSearchFieldItem_OR/Category_Elements/Page_Amazon Sign-In/input_Forgot your password_password'

23-01-2024T09:36:22 - [MESSAGE][PASSED] - Text ****** has been set on object 'Object Repository/AmazonPages/Amazon_ValidateSearchFieldItem_OR/Category_Elements/Page_Amazon Sign-In/input_Forgot your password_password'

23-01-2024T09:36:22 - [TEST_STEP][PASSED] - click(findTestObject("AmazonPages/Amazon_ValidateSearchFieldItem_OR/Category_Elements/Page_Amazon Sign-In/input_Enter your password_signInSubmit")): Object: 'Object Repository/AmazonPages/Amazon_ValidateSearchFieldItem_OR/Category_Elements/Page_Amazon Sign-In/input_Enter your password_signInSubmit' is clicked on

23-01-2024T09:36:22 - [MESSAGE][PASSED] - Object: 'Object Repository/AmazonPages/Amazon_ValidateSearchFieldItem_OR/Category_Elements/Page_Amazon Sign-In/input_Enter your password_signInSubmit' is clicked on

23-01-2024T09:36:22 - [TEST_STEP][PASSED] - selectOptionByLabel(findTestObject("AmazonPages/Amazon_ValidateSearchFieldItem_OR/Category_Elements/Page_Amazon.com. Spend less. Smile more/Category_Elements"), category, false): All options with label 'Electronics' are selected in object 'Object Repository/AmazonPages/Amazon_ValidateSearchFieldItem_OR/Category_Elements/Page_Amazon.com. Spend less. Smile more/Category_Elements' 

23-01-2024T09:36:29 - [MESSAGE][PASSED] - All options with label 'Electronics' are selected in object 'Object Repository/AmazonPages/Amazon_ValidateSearchFieldItem_OR/Category_Elements/Page_Amazon.com. Spend less. Smile more/Category_Elements' 

23-01-2024T09:36:29 - [TEST_STEP][PASSED] - setText(findTestObject("AmazonPages/Amazon_ValidateSearchFieldItem_OR/Category_Elements/Page_Amazon.com. Spend less. Smile more/input_Search Amazon_field-keywords"), items): Text 'Lights' is set on object 'Object Repository/AmazonPages/Amazon_ValidateSearchFieldItem_OR/Category_Elements/Page_Amazon.com. Spend less. Smile more/input_Search Amazon_field-keywords'

23-01-2024T09:36:30 - [MESSAGE][PASSED] - Text 'Lights' is set on object 'Object Repository/AmazonPages/Amazon_ValidateSearchFieldItem_OR/Category_Elements/Page_Amazon.com. Spend less. Smile more/input_Search Amazon_field-keywords'

23-01-2024T09:36:30 - [TEST_STEP][PASSED] - click(findTestObject("AmazonPages/Amazon_ValidateSearchFieldItem_OR/Category_Elements/Page_Amazon.com. Spend less. Smile more/input_Search Amazon_nav-search-submit-button")): Object: 'Object Repository/AmazonPages/Amazon_ValidateSearchFieldItem_OR/Category_Elements/Page_Amazon.com. Spend less. Smile more/input_Search Amazon_nav-search-submit-button' is clicked on

23-01-2024T09:36:42 - [MESSAGE][PASSED] - Object: 'Object Repository/AmazonPages/Amazon_ValidateSearchFieldItem_OR/Category_Elements/Page_Amazon.com. Spend less. Smile more/input_Search Amazon_nav-search-submit-button' is clicked on

23-01-2024T09:36:42 - [TEST_STEP][PASSED] - closeBrowser(): Browser is closed

23-01-2024T09:36:42 - [MESSAGE][PASSED] - Browser is closed

23-01-2024T09:36:42 - [TEST_STEP][PASSED] - Start listener action : sampleAfterTestCase: null

23-01-2024T09:36:42 - [TEST_STEP][PASSED] - println(testCaseContext.getTestCaseId()): null

23-01-2024T09:36:42 - [TEST_STEP][PASSED] - println(testCaseContext.getTestCaseStatus()): null]]></system-out>
         <system-err><![CDATA[]]></system-err>
      </testcase>
      <testcase name="Test Cases/TC_Amazon_ValidateSearchFieldItem_002" time="34.702" classname="Test Cases/TC_Amazon_ValidateSearchFieldItem_002" status="PASSED">
         <system-out><![CDATA[23-01-2024T09:36:42 - [TEST_CASE][PASSED] - Test Cases/TC_Amazon_ValidateSearchFieldItem_002: Test Cases/TC_Amazon_ValidateSearchFieldItem_002

23-01-2024T09:36:42 - [TEST_STEP][PASSED] - Start listener action : sampleBeforeTestCase: null

23-01-2024T09:36:42 - [TEST_STEP][PASSED] - println(testCaseContext.getTestCaseId()): null

23-01-2024T09:36:42 - [TEST_STEP][PASSED] - println(testCaseContext.getTestCaseVariables()): null

23-01-2024T09:36:42 - [TEST_STEP][PASSED] - openBrowser(""): Browser is opened with url: ''

23-01-2024T09:36:42 - [MESSAGE][INFO] - Starting 'Chrome' driver

23-01-2024T09:36:42 - [MESSAGE][INFO] - Action delay is set to 0 milliseconds

23-01-2024T09:36:43 - [MESSAGE][PASSED] - Browser is opened with url: ''

23-01-2024T09:36:43 - [TEST_STEP][PASSED] - navigateToUrl("https://www.amazon.com/"): Navigate to 'https://www.amazon.com/' successfully

23-01-2024T09:36:46 - [MESSAGE][PASSED] - Navigate to 'https://www.amazon.com/' successfully

23-01-2024T09:36:46 - [TEST_STEP][PASSED] - click(findTestObject("AmazonPages/Amazon_ValidateSearchFieldItem_OR/Category_Elements/Page_Amazon.com. Spend less. Smile more/span_Account  Lists")): Object: 'Object Repository/AmazonPages/Amazon_ValidateSearchFieldItem_OR/Category_Elements/Page_Amazon.com. Spend less. Smile more/span_Account  Lists' is clicked on

23-01-2024T09:36:57 - [MESSAGE][PASSED] - Object: 'Object Repository/AmazonPages/Amazon_ValidateSearchFieldItem_OR/Category_Elements/Page_Amazon.com. Spend less. Smile more/span_Account  Lists' is clicked on

23-01-2024T09:36:57 - [TEST_STEP][PASSED] - setText(findTestObject("AmazonPages/Amazon_ValidateSearchFieldItem_OR/Category_Elements/Page_Amazon Sign-In/input_Email or mobile phone number_email"), "yakatejasivaganeshtsg@gmail.com"): Text 'yakatejasivaganeshtsg@gmail.com' is set on object 'Object Repository/AmazonPages/Amazon_ValidateSearchFieldItem_OR/Category_Elements/Page_Amazon Sign-In/input_Email or mobile phone number_email'

23-01-2024T09:36:58 - [MESSAGE][PASSED] - Text 'yakatejasivaganeshtsg@gmail.com' is set on object 'Object Repository/AmazonPages/Amazon_ValidateSearchFieldItem_OR/Category_Elements/Page_Amazon Sign-In/input_Email or mobile phone number_email'

23-01-2024T09:36:58 - [TEST_STEP][PASSED] - click(findTestObject("AmazonPages/Amazon_ValidateSearchFieldItem_OR/Page_Amazon Sign-In/input_Enter your email or mobile phone number_continue")): Object: 'Object Repository/AmazonPages/Amazon_ValidateSearchFieldItem_OR/Page_Amazon Sign-In/input_Enter your email or mobile phone number_continue' is clicked on

23-01-2024T09:37:01 - [MESSAGE][PASSED] - Object: 'Object Repository/AmazonPages/Amazon_ValidateSearchFieldItem_OR/Page_Amazon Sign-In/input_Enter your email or mobile phone number_continue' is clicked on

23-01-2024T09:37:01 - [TEST_STEP][PASSED] - setEncryptedText(findTestObject("AmazonPages/Amazon_ValidateSearchFieldItem_OR/Category_Elements/Page_Amazon Sign-In/input_Forgot your password_password"), "ZGM6yvwC5UE/mm6ehKw+qw=="): Text ****** has been set on object 'Object Repository/AmazonPages/Amazon_ValidateSearchFieldItem_OR/Category_Elements/Page_Amazon Sign-In/input_Forgot your password_password'

23-01-2024T09:37:02 - [MESSAGE][PASSED] - Text ****** has been set on object 'Object Repository/AmazonPages/Amazon_ValidateSearchFieldItem_OR/Category_Elements/Page_Amazon Sign-In/input_Forgot your password_password'

23-01-2024T09:37:02 - [TEST_STEP][PASSED] - click(findTestObject("AmazonPages/Amazon_ValidateSearchFieldItem_OR/Category_Elements/Page_Amazon Sign-In/input_Enter your password_signInSubmit")): Object: 'Object Repository/AmazonPages/Amazon_ValidateSearchFieldItem_OR/Category_Elements/Page_Amazon Sign-In/input_Enter your password_signInSubmit' is clicked on

23-01-2024T09:37:02 - [MESSAGE][PASSED] - Object: 'Object Repository/AmazonPages/Amazon_ValidateSearchFieldItem_OR/Category_Elements/Page_Amazon Sign-In/input_Enter your password_signInSubmit' is clicked on

23-01-2024T09:37:02 - [TEST_STEP][PASSED] - selectOptionByLabel(findTestObject("AmazonPages/Amazon_ValidateSearchFieldItem_OR/Category_Elements/Page_Amazon.com. Spend less. Smile more/Category_Elements"), category, false): All options with label 'Computers' are selected in object 'Object Repository/AmazonPages/Amazon_ValidateSearchFieldItem_OR/Category_Elements/Page_Amazon.com. Spend less. Smile more/Category_Elements' 

23-01-2024T09:37:07 - [MESSAGE][PASSED] - All options with label 'Computers' are selected in object 'Object Repository/AmazonPages/Amazon_ValidateSearchFieldItem_OR/Category_Elements/Page_Amazon.com. Spend less. Smile more/Category_Elements' 

23-01-2024T09:37:07 - [TEST_STEP][PASSED] - setText(findTestObject("AmazonPages/Amazon_ValidateSearchFieldItem_OR/Category_Elements/Page_Amazon.com. Spend less. Smile more/input_Search Amazon_field-keywords"), items): Text 'Keyboard' is set on object 'Object Repository/AmazonPages/Amazon_ValidateSearchFieldItem_OR/Category_Elements/Page_Amazon.com. Spend less. Smile more/input_Search Amazon_field-keywords'

23-01-2024T09:37:09 - [MESSAGE][PASSED] - Text 'Keyboard' is set on object 'Object Repository/AmazonPages/Amazon_ValidateSearchFieldItem_OR/Category_Elements/Page_Amazon.com. Spend less. Smile more/input_Search Amazon_field-keywords'

23-01-2024T09:37:09 - [TEST_STEP][PASSED] - click(findTestObject("AmazonPages/Amazon_ValidateSearchFieldItem_OR/Category_Elements/Page_Amazon.com. Spend less. Smile more/input_Search Amazon_nav-search-submit-button")): Object: 'Object Repository/AmazonPages/Amazon_ValidateSearchFieldItem_OR/Category_Elements/Page_Amazon.com. Spend less. Smile more/input_Search Amazon_nav-search-submit-button' is clicked on

23-01-2024T09:37:17 - [MESSAGE][PASSED] - Object: 'Object Repository/AmazonPages/Amazon_ValidateSearchFieldItem_OR/Category_Elements/Page_Amazon.com. Spend less. Smile more/input_Search Amazon_nav-search-submit-button' is clicked on

23-01-2024T09:37:17 - [TEST_STEP][PASSED] - closeBrowser(): Browser is closed

23-01-2024T09:37:17 - [MESSAGE][PASSED] - Browser is closed

23-01-2024T09:37:17 - [TEST_STEP][PASSED] - Start listener action : sampleAfterTestCase: null

23-01-2024T09:37:17 - [TEST_STEP][PASSED] - println(testCaseContext.getTestCaseId()): null

23-01-2024T09:37:17 - [TEST_STEP][PASSED] - println(testCaseContext.getTestCaseStatus()): null]]></system-out>
         <system-err><![CDATA[]]></system-err>
      </testcase>
      <system-out><![CDATA[23-01-2024T09:35:00 - [TEST_SUITE][FAILED] - Amazon_ValidateSearch_002: Test Cases/TC_Amazon_ValidateSearchFieldItem_002 FAILED.
Reason:
com.kms.katalon.core.exception.StepFailedException: Unable to click on object 'Object Repository/AmazonPages/Amazon_ValidateSearchFieldItem_OR/Category_Elements/Page_Amazon.com. Spend less. Smile more/span_Account  Lists'
	at com.kms.katalon.core.webui.keyword.internal.WebUIKeywordMain.stepFailed(WebUIKeywordMain.groovy:64)
	at com.kms.katalon.core.webui.keyword.internal.WebUIKeywordMain.runKeyword(WebUIKeywordMain.groovy:26)
	at com.kms.katalon.core.webui.keyword.builtin.ClickKeyword.click(ClickKeyword.groovy:74)
	at com.kms.katalon.core.webui.keyword.builtin.ClickKeyword.execute(ClickKeyword.groovy:40)
	at com.kms.katalon.core.keyword.internal.KeywordExecutor.executeKeywordForPlatform(KeywordExecutor.groovy:74)
	at com.kms.katalon.core.webui.keyword.WebUiBuiltInKeywords.click(WebUiBuiltInKeywords.groovy:659)
	at com.kms.katalon.core.webui.keyword.WebUiBuiltInKeywords$click$1.call(Unknown Source)
	at TC_Amazon_ValidateSearchFieldItem_002.run(TC_Amazon_ValidateSearchFieldItem_002:24)
	at com.kms.katalon.core.main.ScriptEngine.run(ScriptEngine.java:194)
	at com.kms.katalon.core.main.ScriptEngine.runScriptAsRawText(ScriptEngine.java:119)
	at com.kms.katalon.core.main.TestCaseExecutor.runScript(TestCaseExecutor.java:448)
	at com.kms.katalon.core.main.TestCaseExecutor.doExecute(TestCaseExecutor.java:439)
	at com.kms.katalon.core.main.TestCaseExecutor.processExecutionPhase(TestCaseExecutor.java:418)
	at com.kms.katalon.core.main.TestCaseExecutor.accessMainPhase(TestCaseExecutor.java:410)
	at com.kms.katalon.core.main.TestCaseExecutor.execute(TestCaseExecutor.java:285)
	at com.kms.katalon.core.common.CommonExecutor.accessTestCaseMainPhase(CommonExecutor.java:65)
	at com.kms.katalon.core.main.TestSuiteExecutor.accessTestSuiteMainPhase(TestSuiteExecutor.java:148)
	at com.kms.katalon.core.main.TestSuiteExecutor.execute(TestSuiteExecutor.java:106)
	at com.kms.katalon.core.main.TestCaseMain.startTestSuite(TestCaseMain.java:180)
	at com.kms.katalon.core.main.TestCaseMain$startTestSuite$0.call(Unknown Source)
	at TempTestSuite1705982694830.run(TempTestSuite1705982694830.groovy:36)
	at java.base/jdk.internal.reflect.NativeMethodAccessorImpl.invoke0(Native Method)
	at java.base/jdk.internal.reflect.NativeMethodAccessorImpl.invoke(NativeMethodAccessorImpl.java:77)
	at java.base/jdk.internal.reflect.DelegatingMethodAccessorImpl.invoke(DelegatingMethodAccessorImpl.java:43)
Caused by: com.kms.katalon.core.webui.exception.WebElementNotFoundException: Web element with id: 'Object Repository/AmazonPages/Amazon_ValidateSearchFieldItem_OR/Category_Elements/Page_Amazon.com. Spend less. Smile more/span_Account  Lists' located by '//a[@id='nav-link-accountList']/span' not found
	at com.kms.katalon.core.webui.common.WebUiCommonHelper.findWebElement(WebUiCommonHelper.java:1379)
	at com.kms.katalon.core.webui.keyword.internal.WebUIAbstractKeyword.findWebElement(WebUIAbstractKeyword.groovy:27)
	at com.kms.katalon.core.webui.keyword.builtin.ClickKeyword$_click_closure1.doCall(ClickKeyword.groovy:65)
	at com.kms.katalon.core.webui.keyword.builtin.ClickKeyword$_click_closure1.call(ClickKeyword.groovy)
	at com.kms.katalon.core.webui.keyword.internal.WebUIKeywordMain.runKeyword(WebUIKeywordMain.groovy:20)
	... 22 more]]></system-out>
      <system-err><![CDATA[23-01-2024T09:35:00 - [TEST_SUITE][FAILED] - Amazon_ValidateSearch_002: Test Cases/TC_Amazon_ValidateSearchFieldItem_002 FAILED.
Reason:
com.kms.katalon.core.exception.StepFailedException: Unable to click on object 'Object Repository/AmazonPages/Amazon_ValidateSearchFieldItem_OR/Category_Elements/Page_Amazon.com. Spend less. Smile more/span_Account  Lists'
	at com.kms.katalon.core.webui.keyword.internal.WebUIKeywordMain.stepFailed(WebUIKeywordMain.groovy:64)
	at com.kms.katalon.core.webui.keyword.internal.WebUIKeywordMain.runKeyword(WebUIKeywordMain.groovy:26)
	at com.kms.katalon.core.webui.keyword.builtin.ClickKeyword.click(ClickKeyword.groovy:74)
	at com.kms.katalon.core.webui.keyword.builtin.ClickKeyword.execute(ClickKeyword.groovy:40)
	at com.kms.katalon.core.keyword.internal.KeywordExecutor.executeKeywordForPlatform(KeywordExecutor.groovy:74)
	at com.kms.katalon.core.webui.keyword.WebUiBuiltInKeywords.click(WebUiBuiltInKeywords.groovy:659)
	at com.kms.katalon.core.webui.keyword.WebUiBuiltInKeywords$click$1.call(Unknown Source)
	at TC_Amazon_ValidateSearchFieldItem_002.run(TC_Amazon_ValidateSearchFieldItem_002:24)
	at com.kms.katalon.core.main.ScriptEngine.run(ScriptEngine.java:194)
	at com.kms.katalon.core.main.ScriptEngine.runScriptAsRawText(ScriptEngine.java:119)
	at com.kms.katalon.core.main.TestCaseExecutor.runScript(TestCaseExecutor.java:448)
	at com.kms.katalon.core.main.TestCaseExecutor.doExecute(TestCaseExecutor.java:439)
	at com.kms.katalon.core.main.TestCaseExecutor.processExecutionPhase(TestCaseExecutor.java:418)
	at com.kms.katalon.core.main.TestCaseExecutor.accessMainPhase(TestCaseExecutor.java:410)
	at com.kms.katalon.core.main.TestCaseExecutor.execute(TestCaseExecutor.java:285)
	at com.kms.katalon.core.common.CommonExecutor.accessTestCaseMainPhase(CommonExecutor.java:65)
	at com.kms.katalon.core.main.TestSuiteExecutor.accessTestSuiteMainPhase(TestSuiteExecutor.java:148)
	at com.kms.katalon.core.main.TestSuiteExecutor.execute(TestSuiteExecutor.java:106)
	at com.kms.katalon.core.main.TestCaseMain.startTestSuite(TestCaseMain.java:180)
	at com.kms.katalon.core.main.TestCaseMain$startTestSuite$0.call(Unknown Source)
	at TempTestSuite1705982694830.run(TempTestSuite1705982694830.groovy:36)
	at java.base/jdk.internal.reflect.NativeMethodAccessorImpl.invoke0(Native Method)
	at java.base/jdk.internal.reflect.NativeMethodAccessorImpl.invoke(NativeMethodAccessorImpl.java:77)
	at java.base/jdk.internal.reflect.DelegatingMethodAccessorImpl.invoke(DelegatingMethodAccessorImpl.java:43)
Caused by: com.kms.katalon.core.webui.exception.WebElementNotFoundException: Web element with id: 'Object Repository/AmazonPages/Amazon_ValidateSearchFieldItem_OR/Category_Elements/Page_Amazon.com. Spend less. Smile more/span_Account  Lists' located by '//a[@id='nav-link-accountList']/span' not found
	at com.kms.katalon.core.webui.common.WebUiCommonHelper.findWebElement(WebUiCommonHelper.java:1379)
	at com.kms.katalon.core.webui.keyword.internal.WebUIAbstractKeyword.findWebElement(WebUIAbstractKeyword.groovy:27)
	at com.kms.katalon.core.webui.keyword.builtin.ClickKeyword$_click_closure1.doCall(ClickKeyword.groovy:65)
	at com.kms.katalon.core.webui.keyword.builtin.ClickKeyword$_click_closure1.call(ClickKeyword.groovy)
	at com.kms.katalon.core.webui.keyword.internal.WebUIKeywordMain.runKeyword(WebUIKeywordMain.groovy:20)
	... 22 more]]></system-err>
   </testsuite>
</testsuites>
