<?xml version="1.0" encoding="UTF-8"?>
<testsuites name="Amazon_ValidateSearch_002" time="173.1" tests="3" failures="0" errors="0">
   <testsuite name="Amazon_ValidateSearch_002" tests="3" failures="0" errors="0" time="173.1" skipped="0" timestamp="23-01-2024T08:25:23" hostname="tsgte - TEJASIVAGANESH" id="Test Suites/Amazon_TestSuits/Amazon_ValidateSearch_002">
      <properties>
         <property name="deviceName" value=""/>
         <property name="devicePlatform" value=""/>
         <property name="logFolder" value="C:\\Users\\tsgte\\git\\TSG25-Software_testing_automation_amazon\\Reports\\20240123_082517\\Amazon_TestSuits\\Amazon_ValidateSearch_002\\20240123_082517"/>
         <property name="logFiles" value="C:\\Users\\tsgte\\git\\TSG25-Software_testing_automation_amazon\\Reports\\20240123_082517\\Amazon_TestSuits\\Amazon_ValidateSearch_002\\20240123_082517\\execution0.log"/>
         <property name="attachments" value="C:\\Users\\tsgte\\git\\TSG25-Software_testing_automation_amazon\\Reports\\20240123_082517\\Amazon_TestSuits\\Amazon_ValidateSearch_002\\20240123_082517\\1705978616077.png"/>
         <property name="hostName" value="tsgte - TEJASIVAGANESH"/>
         <property name="os" value="Windows 11 64bit"/>
         <property name="katalonVersion" value="9.2.0.212"/>
         <property name="browser" value="Chrome 120.0.0.0"/>
         <property name="hostAddress" value="192.168.76.1"/>
         <property name="sessionId" value="68bebd5aa8ceb9bf7c85f7a7333425ac"/>
         <property name="seleniumVersion" value="3.141.59"/>
         <property name="proxyInformation" value="ProxyInformation { proxyOption=NO_PROXY, proxyServerType=HTTP, username=, password=********, proxyServerAddress=, proxyServerPort=0, executionList=&quot;&quot;, isApplyToDesiredCapabilities=true }"/>
         <property name="platform" value="Windows 11"/>
      </properties>
      <testcase name="Test Cases/TC_Amazon_ValidateSearchFieldItem_002" time="36.691" classname="Test Cases/TC_Amazon_ValidateSearchFieldItem_002" status="PASSED">
         <system-out><![CDATA[23-01-2024T08:25:23 - [TEST_CASE][PASSED] - Test Cases/TC_Amazon_ValidateSearchFieldItem_002: Test Cases/TC_Amazon_ValidateSearchFieldItem_002

23-01-2024T08:25:23 - [TEST_STEP][PASSED] - Start listener action : sampleBeforeTestCase: null

23-01-2024T08:25:23 - [TEST_STEP][PASSED] - println(testCaseContext.getTestCaseId()): null

23-01-2024T08:25:23 - [TEST_STEP][PASSED] - println(testCaseContext.getTestCaseVariables()): null

23-01-2024T08:25:23 - [TEST_STEP][PASSED] - openBrowser(""): Browser is opened with url: ''

23-01-2024T08:25:23 - [MESSAGE][INFO] - Starting 'Chrome' driver

23-01-2024T08:25:24 - [MESSAGE][INFO] - Action delay is set to 0 milliseconds

23-01-2024T08:25:25 - [MESSAGE][PASSED] - Browser is opened with url: ''

23-01-2024T08:25:25 - [TEST_STEP][PASSED] - navigateToUrl("https://www.amazon.com/"): Navigate to 'https://www.amazon.com/' successfully

23-01-2024T08:25:28 - [MESSAGE][PASSED] - Navigate to 'https://www.amazon.com/' successfully

23-01-2024T08:25:28 - [TEST_STEP][PASSED] - click(findTestObject("AmazonPages/Amazon_ValidateSearchFieldItem_OR/Category_Elements/Page_Amazon.com. Spend less. Smile more/span_Account  Lists")): Object: 'Object Repository/AmazonPages/Amazon_ValidateSearchFieldItem_OR/Category_Elements/Page_Amazon.com. Spend less. Smile more/span_Account  Lists' is clicked on

23-01-2024T08:25:39 - [MESSAGE][PASSED] - Object: 'Object Repository/AmazonPages/Amazon_ValidateSearchFieldItem_OR/Category_Elements/Page_Amazon.com. Spend less. Smile more/span_Account  Lists' is clicked on

23-01-2024T08:25:39 - [TEST_STEP][PASSED] - setText(findTestObject("AmazonPages/Amazon_ValidateSearchFieldItem_OR/Category_Elements/Page_Amazon Sign-In/input_Email or mobile phone number_email"), "yakatejasivaganeshtsg@gmail.com"): Text 'yakatejasivaganeshtsg@gmail.com' is set on object 'Object Repository/AmazonPages/Amazon_ValidateSearchFieldItem_OR/Category_Elements/Page_Amazon Sign-In/input_Email or mobile phone number_email'

23-01-2024T08:25:41 - [MESSAGE][PASSED] - Text 'yakatejasivaganeshtsg@gmail.com' is set on object 'Object Repository/AmazonPages/Amazon_ValidateSearchFieldItem_OR/Category_Elements/Page_Amazon Sign-In/input_Email or mobile phone number_email'

23-01-2024T08:25:41 - [TEST_STEP][PASSED] - click(findTestObject("AmazonPages/Amazon_ValidateSearchFieldItem_OR/Page_Amazon Sign-In/input_Enter your email or mobile phone number_continue")): Object: 'Object Repository/AmazonPages/Amazon_ValidateSearchFieldItem_OR/Page_Amazon Sign-In/input_Enter your email or mobile phone number_continue' is clicked on

23-01-2024T08:25:43 - [MESSAGE][PASSED] - Object: 'Object Repository/AmazonPages/Amazon_ValidateSearchFieldItem_OR/Page_Amazon Sign-In/input_Enter your email or mobile phone number_continue' is clicked on

23-01-2024T08:25:43 - [TEST_STEP][PASSED] - setEncryptedText(findTestObject("AmazonPages/Amazon_ValidateSearchFieldItem_OR/Category_Elements/Page_Amazon Sign-In/input_Forgot your password_password"), "ZGM6yvwC5UE/mm6ehKw+qw=="): Text ****** has been set on object 'Object Repository/AmazonPages/Amazon_ValidateSearchFieldItem_OR/Category_Elements/Page_Amazon Sign-In/input_Forgot your password_password'

23-01-2024T08:25:44 - [MESSAGE][PASSED] - Text ****** has been set on object 'Object Repository/AmazonPages/Amazon_ValidateSearchFieldItem_OR/Category_Elements/Page_Amazon Sign-In/input_Forgot your password_password'

23-01-2024T08:25:44 - [TEST_STEP][PASSED] - click(findTestObject("AmazonPages/Amazon_ValidateSearchFieldItem_OR/Category_Elements/Page_Amazon Sign-In/input_Enter your password_signInSubmit")): Object: 'Object Repository/AmazonPages/Amazon_ValidateSearchFieldItem_OR/Category_Elements/Page_Amazon Sign-In/input_Enter your password_signInSubmit' is clicked on

23-01-2024T08:25:45 - [MESSAGE][PASSED] - Object: 'Object Repository/AmazonPages/Amazon_ValidateSearchFieldItem_OR/Category_Elements/Page_Amazon Sign-In/input_Enter your password_signInSubmit' is clicked on

23-01-2024T08:25:45 - [TEST_STEP][PASSED] - selectOptionByLabel(findTestObject("AmazonPages/Amazon_ValidateSearchFieldItem_OR/Category_Elements/Page_Amazon.com. Spend less. Smile more/Category_Elements"), category, false): All options with label 'Books' are selected in object 'Object Repository/AmazonPages/Amazon_ValidateSearchFieldItem_OR/Category_Elements/Page_Amazon.com. Spend less. Smile more/Category_Elements' 

23-01-2024T08:25:50 - [MESSAGE][PASSED] - All options with label 'Books' are selected in object 'Object Repository/AmazonPages/Amazon_ValidateSearchFieldItem_OR/Category_Elements/Page_Amazon.com. Spend less. Smile more/Category_Elements' 

23-01-2024T08:25:50 - [TEST_STEP][PASSED] - setText(findTestObject("AmazonPages/Amazon_ValidateSearchFieldItem_OR/Category_Elements/Page_Amazon.com. Spend less. Smile more/input_Search Amazon_field-keywords"), items): Text 'Java' is set on object 'Object Repository/AmazonPages/Amazon_ValidateSearchFieldItem_OR/Category_Elements/Page_Amazon.com. Spend less. Smile more/input_Search Amazon_field-keywords'

23-01-2024T08:25:51 - [MESSAGE][PASSED] - Text 'Java' is set on object 'Object Repository/AmazonPages/Amazon_ValidateSearchFieldItem_OR/Category_Elements/Page_Amazon.com. Spend less. Smile more/input_Search Amazon_field-keywords'

23-01-2024T08:25:51 - [TEST_STEP][PASSED] - click(findTestObject("AmazonPages/Amazon_ValidateSearchFieldItem_OR/Category_Elements/Page_Amazon.com. Spend less. Smile more/input_Search Amazon_nav-search-submit-button")): Object: 'Object Repository/AmazonPages/Amazon_ValidateSearchFieldItem_OR/Category_Elements/Page_Amazon.com. Spend less. Smile more/input_Search Amazon_nav-search-submit-button' is clicked on

23-01-2024T08:25:59 - [MESSAGE][PASSED] - Object: 'Object Repository/AmazonPages/Amazon_ValidateSearchFieldItem_OR/Category_Elements/Page_Amazon.com. Spend less. Smile more/input_Search Amazon_nav-search-submit-button' is clicked on

23-01-2024T08:25:59 - [TEST_STEP][PASSED] - closeBrowser(): Browser is closed

23-01-2024T08:26:00 - [MESSAGE][PASSED] - Browser is closed

23-01-2024T08:26:00 - [TEST_STEP][PASSED] - Start listener action : sampleAfterTestCase: null

23-01-2024T08:26:00 - [TEST_STEP][PASSED] - println(testCaseContext.getTestCaseId()): null

23-01-2024T08:26:00 - [TEST_STEP][PASSED] - println(testCaseContext.getTestCaseStatus()): null]]></system-out>
         <system-err><![CDATA[]]></system-err>
      </testcase>
      <testcase name="Test Cases/TC_Amazon_ValidateSearchFieldItem_002" time="36.798" classname="Test Cases/TC_Amazon_ValidateSearchFieldItem_002" status="PASSED">
         <system-out><![CDATA[23-01-2024T08:26:56 - [TEST_CASE][PASSED] - Test Cases/TC_Amazon_ValidateSearchFieldItem_002: Test Cases/TC_Amazon_ValidateSearchFieldItem_002

23-01-2024T08:26:56 - [TEST_STEP][PASSED] - Start listener action : sampleBeforeTestCase: null

23-01-2024T08:26:56 - [TEST_STEP][PASSED] - println(testCaseContext.getTestCaseId()): null

23-01-2024T08:26:56 - [TEST_STEP][PASSED] - println(testCaseContext.getTestCaseVariables()): null

23-01-2024T08:26:56 - [TEST_STEP][PASSED] - openBrowser(""): Browser is opened with url: ''

23-01-2024T08:26:56 - [MESSAGE][WARNING] - A browser is already opened. Closing browser and opening a new one

23-01-2024T08:26:56 - [MESSAGE][INFO] - Starting 'Chrome' driver

23-01-2024T08:26:56 - [MESSAGE][INFO] - Action delay is set to 0 milliseconds

23-01-2024T08:26:57 - [MESSAGE][PASSED] - Browser is opened with url: ''

23-01-2024T08:26:57 - [TEST_STEP][PASSED] - navigateToUrl("https://www.amazon.com/"): Navigate to 'https://www.amazon.com/' successfully

23-01-2024T08:26:59 - [MESSAGE][PASSED] - Navigate to 'https://www.amazon.com/' successfully

23-01-2024T08:26:59 - [TEST_STEP][PASSED] - click(findTestObject("AmazonPages/Amazon_ValidateSearchFieldItem_OR/Category_Elements/Page_Amazon.com. Spend less. Smile more/span_Account  Lists")): Object: 'Object Repository/AmazonPages/Amazon_ValidateSearchFieldItem_OR/Category_Elements/Page_Amazon.com. Spend less. Smile more/span_Account  Lists' is clicked on

23-01-2024T08:27:10 - [MESSAGE][PASSED] - Object: 'Object Repository/AmazonPages/Amazon_ValidateSearchFieldItem_OR/Category_Elements/Page_Amazon.com. Spend less. Smile more/span_Account  Lists' is clicked on

23-01-2024T08:27:10 - [TEST_STEP][PASSED] - setText(findTestObject("AmazonPages/Amazon_ValidateSearchFieldItem_OR/Category_Elements/Page_Amazon Sign-In/input_Email or mobile phone number_email"), "yakatejasivaganeshtsg@gmail.com"): Text 'yakatejasivaganeshtsg@gmail.com' is set on object 'Object Repository/AmazonPages/Amazon_ValidateSearchFieldItem_OR/Category_Elements/Page_Amazon Sign-In/input_Email or mobile phone number_email'

23-01-2024T08:27:11 - [MESSAGE][PASSED] - Text 'yakatejasivaganeshtsg@gmail.com' is set on object 'Object Repository/AmazonPages/Amazon_ValidateSearchFieldItem_OR/Category_Elements/Page_Amazon Sign-In/input_Email or mobile phone number_email'

23-01-2024T08:27:11 - [TEST_STEP][PASSED] - click(findTestObject("AmazonPages/Amazon_ValidateSearchFieldItem_OR/Page_Amazon Sign-In/input_Enter your email or mobile phone number_continue")): Object: 'Object Repository/AmazonPages/Amazon_ValidateSearchFieldItem_OR/Page_Amazon Sign-In/input_Enter your email or mobile phone number_continue' is clicked on

23-01-2024T08:27:14 - [MESSAGE][PASSED] - Object: 'Object Repository/AmazonPages/Amazon_ValidateSearchFieldItem_OR/Page_Amazon Sign-In/input_Enter your email or mobile phone number_continue' is clicked on

23-01-2024T08:27:14 - [TEST_STEP][PASSED] - setEncryptedText(findTestObject("AmazonPages/Amazon_ValidateSearchFieldItem_OR/Category_Elements/Page_Amazon Sign-In/input_Forgot your password_password"), "ZGM6yvwC5UE/mm6ehKw+qw=="): Text ****** has been set on object 'Object Repository/AmazonPages/Amazon_ValidateSearchFieldItem_OR/Category_Elements/Page_Amazon Sign-In/input_Forgot your password_password'

23-01-2024T08:27:14 - [MESSAGE][PASSED] - Text ****** has been set on object 'Object Repository/AmazonPages/Amazon_ValidateSearchFieldItem_OR/Category_Elements/Page_Amazon Sign-In/input_Forgot your password_password'

23-01-2024T08:27:14 - [TEST_STEP][PASSED] - click(findTestObject("AmazonPages/Amazon_ValidateSearchFieldItem_OR/Category_Elements/Page_Amazon Sign-In/input_Enter your password_signInSubmit")): Object: 'Object Repository/AmazonPages/Amazon_ValidateSearchFieldItem_OR/Category_Elements/Page_Amazon Sign-In/input_Enter your password_signInSubmit' is clicked on

23-01-2024T08:27:15 - [MESSAGE][PASSED] - Object: 'Object Repository/AmazonPages/Amazon_ValidateSearchFieldItem_OR/Category_Elements/Page_Amazon Sign-In/input_Enter your password_signInSubmit' is clicked on

23-01-2024T08:27:15 - [TEST_STEP][PASSED] - selectOptionByLabel(findTestObject("AmazonPages/Amazon_ValidateSearchFieldItem_OR/Category_Elements/Page_Amazon.com. Spend less. Smile more/Category_Elements"), category, false): All options with label 'Electronics' are selected in object 'Object Repository/AmazonPages/Amazon_ValidateSearchFieldItem_OR/Category_Elements/Page_Amazon.com. Spend less. Smile more/Category_Elements' 

23-01-2024T08:27:22 - [MESSAGE][PASSED] - All options with label 'Electronics' are selected in object 'Object Repository/AmazonPages/Amazon_ValidateSearchFieldItem_OR/Category_Elements/Page_Amazon.com. Spend less. Smile more/Category_Elements' 

23-01-2024T08:27:22 - [TEST_STEP][PASSED] - setText(findTestObject("AmazonPages/Amazon_ValidateSearchFieldItem_OR/Category_Elements/Page_Amazon.com. Spend less. Smile more/input_Search Amazon_field-keywords"), items): Text 'Lights' is set on object 'Object Repository/AmazonPages/Amazon_ValidateSearchFieldItem_OR/Category_Elements/Page_Amazon.com. Spend less. Smile more/input_Search Amazon_field-keywords'

23-01-2024T08:27:24 - [MESSAGE][PASSED] - Text 'Lights' is set on object 'Object Repository/AmazonPages/Amazon_ValidateSearchFieldItem_OR/Category_Elements/Page_Amazon.com. Spend less. Smile more/input_Search Amazon_field-keywords'

23-01-2024T08:27:24 - [TEST_STEP][PASSED] - click(findTestObject("AmazonPages/Amazon_ValidateSearchFieldItem_OR/Category_Elements/Page_Amazon.com. Spend less. Smile more/input_Search Amazon_nav-search-submit-button")): Object: 'Object Repository/AmazonPages/Amazon_ValidateSearchFieldItem_OR/Category_Elements/Page_Amazon.com. Spend less. Smile more/input_Search Amazon_nav-search-submit-button' is clicked on

23-01-2024T08:27:32 - [MESSAGE][PASSED] - Object: 'Object Repository/AmazonPages/Amazon_ValidateSearchFieldItem_OR/Category_Elements/Page_Amazon.com. Spend less. Smile more/input_Search Amazon_nav-search-submit-button' is clicked on

23-01-2024T08:27:32 - [TEST_STEP][PASSED] - closeBrowser(): Browser is closed

23-01-2024T08:27:33 - [MESSAGE][PASSED] - Browser is closed

23-01-2024T08:27:33 - [TEST_STEP][PASSED] - Start listener action : sampleAfterTestCase: null

23-01-2024T08:27:33 - [TEST_STEP][PASSED] - println(testCaseContext.getTestCaseId()): null

23-01-2024T08:27:33 - [TEST_STEP][PASSED] - println(testCaseContext.getTestCaseStatus()): null]]></system-out>
         <system-err><![CDATA[]]></system-err>
      </testcase>
      <testcase name="Test Cases/TC_Amazon_ValidateSearchFieldItem_002" time="43.161" classname="Test Cases/TC_Amazon_ValidateSearchFieldItem_002" status="PASSED">
         <system-out><![CDATA[23-01-2024T08:27:33 - [TEST_CASE][PASSED] - Test Cases/TC_Amazon_ValidateSearchFieldItem_002: Test Cases/TC_Amazon_ValidateSearchFieldItem_002

23-01-2024T08:27:33 - [TEST_STEP][PASSED] - Start listener action : sampleBeforeTestCase: null

23-01-2024T08:27:33 - [TEST_STEP][PASSED] - println(testCaseContext.getTestCaseId()): null

23-01-2024T08:27:33 - [TEST_STEP][PASSED] - println(testCaseContext.getTestCaseVariables()): null

23-01-2024T08:27:33 - [TEST_STEP][PASSED] - openBrowser(""): Browser is opened with url: ''

23-01-2024T08:27:33 - [MESSAGE][INFO] - Starting 'Chrome' driver

23-01-2024T08:27:33 - [MESSAGE][INFO] - Action delay is set to 0 milliseconds

23-01-2024T08:27:33 - [MESSAGE][PASSED] - Browser is opened with url: ''

23-01-2024T08:27:33 - [TEST_STEP][PASSED] - navigateToUrl("https://www.amazon.com/"): Navigate to 'https://www.amazon.com/' successfully

23-01-2024T08:27:35 - [MESSAGE][PASSED] - Navigate to 'https://www.amazon.com/' successfully

23-01-2024T08:27:35 - [TEST_STEP][PASSED] - click(findTestObject("AmazonPages/Amazon_ValidateSearchFieldItem_OR/Category_Elements/Page_Amazon.com. Spend less. Smile more/span_Account  Lists")): Object: 'Object Repository/AmazonPages/Amazon_ValidateSearchFieldItem_OR/Category_Elements/Page_Amazon.com. Spend less. Smile more/span_Account  Lists' is clicked on

23-01-2024T08:27:56 - [MESSAGE][PASSED] - Object: 'Object Repository/AmazonPages/Amazon_ValidateSearchFieldItem_OR/Category_Elements/Page_Amazon.com. Spend less. Smile more/span_Account  Lists' is clicked on

23-01-2024T08:27:56 - [TEST_STEP][PASSED] - setText(findTestObject("AmazonPages/Amazon_ValidateSearchFieldItem_OR/Category_Elements/Page_Amazon Sign-In/input_Email or mobile phone number_email"), "yakatejasivaganeshtsg@gmail.com"): Text 'yakatejasivaganeshtsg@gmail.com' is set on object 'Object Repository/AmazonPages/Amazon_ValidateSearchFieldItem_OR/Category_Elements/Page_Amazon Sign-In/input_Email or mobile phone number_email'

23-01-2024T08:27:57 - [MESSAGE][PASSED] - Text 'yakatejasivaganeshtsg@gmail.com' is set on object 'Object Repository/AmazonPages/Amazon_ValidateSearchFieldItem_OR/Category_Elements/Page_Amazon Sign-In/input_Email or mobile phone number_email'

23-01-2024T08:27:57 - [TEST_STEP][PASSED] - click(findTestObject("AmazonPages/Amazon_ValidateSearchFieldItem_OR/Page_Amazon Sign-In/input_Enter your email or mobile phone number_continue")): Object: 'Object Repository/AmazonPages/Amazon_ValidateSearchFieldItem_OR/Page_Amazon Sign-In/input_Enter your email or mobile phone number_continue' is clicked on

23-01-2024T08:28:00 - [MESSAGE][PASSED] - Object: 'Object Repository/AmazonPages/Amazon_ValidateSearchFieldItem_OR/Page_Amazon Sign-In/input_Enter your email or mobile phone number_continue' is clicked on

23-01-2024T08:28:00 - [TEST_STEP][PASSED] - setEncryptedText(findTestObject("AmazonPages/Amazon_ValidateSearchFieldItem_OR/Category_Elements/Page_Amazon Sign-In/input_Forgot your password_password"), "ZGM6yvwC5UE/mm6ehKw+qw=="): Text ****** has been set on object 'Object Repository/AmazonPages/Amazon_ValidateSearchFieldItem_OR/Category_Elements/Page_Amazon Sign-In/input_Forgot your password_password'

23-01-2024T08:28:01 - [MESSAGE][PASSED] - Text ****** has been set on object 'Object Repository/AmazonPages/Amazon_ValidateSearchFieldItem_OR/Category_Elements/Page_Amazon Sign-In/input_Forgot your password_password'

23-01-2024T08:28:01 - [TEST_STEP][PASSED] - click(findTestObject("AmazonPages/Amazon_ValidateSearchFieldItem_OR/Category_Elements/Page_Amazon Sign-In/input_Enter your password_signInSubmit")): Object: 'Object Repository/AmazonPages/Amazon_ValidateSearchFieldItem_OR/Category_Elements/Page_Amazon Sign-In/input_Enter your password_signInSubmit' is clicked on

23-01-2024T08:28:01 - [MESSAGE][PASSED] - Object: 'Object Repository/AmazonPages/Amazon_ValidateSearchFieldItem_OR/Category_Elements/Page_Amazon Sign-In/input_Enter your password_signInSubmit' is clicked on

23-01-2024T08:28:01 - [TEST_STEP][PASSED] - selectOptionByLabel(findTestObject("AmazonPages/Amazon_ValidateSearchFieldItem_OR/Category_Elements/Page_Amazon.com. Spend less. Smile more/Category_Elements"), category, false): All options with label 'Computers' are selected in object 'Object Repository/AmazonPages/Amazon_ValidateSearchFieldItem_OR/Category_Elements/Page_Amazon.com. Spend less. Smile more/Category_Elements' 

23-01-2024T08:28:05 - [MESSAGE][PASSED] - All options with label 'Computers' are selected in object 'Object Repository/AmazonPages/Amazon_ValidateSearchFieldItem_OR/Category_Elements/Page_Amazon.com. Spend less. Smile more/Category_Elements' 

23-01-2024T08:28:05 - [TEST_STEP][PASSED] - setText(findTestObject("AmazonPages/Amazon_ValidateSearchFieldItem_OR/Category_Elements/Page_Amazon.com. Spend less. Smile more/input_Search Amazon_field-keywords"), items): Text 'Keyboard' is set on object 'Object Repository/AmazonPages/Amazon_ValidateSearchFieldItem_OR/Category_Elements/Page_Amazon.com. Spend less. Smile more/input_Search Amazon_field-keywords'

23-01-2024T08:28:07 - [MESSAGE][PASSED] - Text 'Keyboard' is set on object 'Object Repository/AmazonPages/Amazon_ValidateSearchFieldItem_OR/Category_Elements/Page_Amazon.com. Spend less. Smile more/input_Search Amazon_field-keywords'

23-01-2024T08:28:07 - [TEST_STEP][PASSED] - click(findTestObject("AmazonPages/Amazon_ValidateSearchFieldItem_OR/Category_Elements/Page_Amazon.com. Spend less. Smile more/input_Search Amazon_nav-search-submit-button")): Object: 'Object Repository/AmazonPages/Amazon_ValidateSearchFieldItem_OR/Category_Elements/Page_Amazon.com. Spend less. Smile more/input_Search Amazon_nav-search-submit-button' is clicked on

23-01-2024T08:28:16 - [MESSAGE][PASSED] - Object: 'Object Repository/AmazonPages/Amazon_ValidateSearchFieldItem_OR/Category_Elements/Page_Amazon.com. Spend less. Smile more/input_Search Amazon_nav-search-submit-button' is clicked on

23-01-2024T08:28:16 - [TEST_STEP][PASSED] - closeBrowser(): Browser is closed

23-01-2024T08:28:16 - [MESSAGE][PASSED] - Browser is closed

23-01-2024T08:28:16 - [TEST_STEP][PASSED] - Start listener action : sampleAfterTestCase: null

23-01-2024T08:28:16 - [TEST_STEP][PASSED] - println(testCaseContext.getTestCaseId()): null

23-01-2024T08:28:16 - [TEST_STEP][PASSED] - println(testCaseContext.getTestCaseStatus()): null]]></system-out>
         <system-err><![CDATA[]]></system-err>
      </testcase>
      <system-out><![CDATA[23-01-2024T08:25:23 - [TEST_SUITE][FAILED] - Amazon_ValidateSearch_002: Test Cases/TC_Amazon_ValidateSearchFieldItem_002 FAILED.
Reason:
com.kms.katalon.core.exception.StepFailedException: Unable to select option by label 'Electronics' of object 'Object Repository/AmazonPages/Amazon_ValidateSearchFieldItem_OR/Category_Elements/Page_Amazon.com. Spend less. Smile more/Category_Elements' 
	at com.kms.katalon.core.webui.keyword.internal.WebUIKeywordMain.stepFailed(WebUIKeywordMain.groovy:64)
	at com.kms.katalon.core.webui.keyword.internal.WebUIKeywordMain.runKeyword(WebUIKeywordMain.groovy:26)
	at com.kms.katalon.core.webui.keyword.builtin.SelectOptionByLabelKeyword.selectOptionByLabel(SelectOptionByLabelKeyword.groovy:98)
	at com.kms.katalon.core.webui.keyword.builtin.SelectOptionByLabelKeyword.execute(SelectOptionByLabelKeyword.groovy:71)
	at com.kms.katalon.core.keyword.internal.KeywordExecutor.executeKeywordForPlatform(KeywordExecutor.groovy:74)
	at com.kms.katalon.core.webui.keyword.WebUiBuiltInKeywords.selectOptionByLabel(WebUiBuiltInKeywords.groovy:1269)
	at TC_Amazon_ValidateSearchFieldItem_002.run(TC_Amazon_ValidateSearchFieldItem_002:36)
	at com.kms.katalon.core.main.ScriptEngine.run(ScriptEngine.java:194)
	at com.kms.katalon.core.main.ScriptEngine.runScriptAsRawText(ScriptEngine.java:119)
	at com.kms.katalon.core.main.TestCaseExecutor.runScript(TestCaseExecutor.java:448)
	at com.kms.katalon.core.main.TestCaseExecutor.doExecute(TestCaseExecutor.java:439)
	at com.kms.katalon.core.main.TestCaseExecutor.processExecutionPhase(TestCaseExecutor.java:418)
	at com.kms.katalon.core.main.TestCaseExecutor.accessMainPhase(TestCaseExecutor.java:410)
	at com.kms.katalon.core.main.TestCaseExecutor.execute(TestCaseExecutor.java:285)
	at com.kms.katalon.core.common.CommonExecutor.accessTestCaseMainPhase(CommonExecutor.java:65)
	at com.kms.katalon.core.main.TestSuiteExecutor.accessTestSuiteMainPhase(TestSuiteExecutor.java:148)
	at com.kms.katalon.core.main.TestSuiteExecutor.execute(TestSuiteExecutor.java:106)
	at com.kms.katalon.core.main.TestCaseMain.startTestSuite(TestCaseMain.java:180)
	at TempTestSuite1705978517966.run(TempTestSuite1705978517966.groovy:36)
	at java.base/jdk.internal.reflect.NativeMethodAccessorImpl.invoke0(Native Method)
	at java.base/jdk.internal.reflect.NativeMethodAccessorImpl.invoke(NativeMethodAccessorImpl.java:77)
	at java.base/jdk.internal.reflect.DelegatingMethodAccessorImpl.invoke(DelegatingMethodAccessorImpl.java:43)
Caused by: com.kms.katalon.core.webui.exception.WebElementNotFoundException: Web element with id: 'Object Repository/AmazonPages/Amazon_ValidateSearchFieldItem_OR/Category_Elements/Page_Amazon.com. Spend less. Smile more/Category_Elements' located by '//select[@id='searchDropdownBox']' not found
	at com.kms.katalon.core.webui.common.WebUiCommonHelper.findWebElement(WebUiCommonHelper.java:1379)
	at com.kms.katalon.core.webui.keyword.internal.WebUIAbstractKeyword.findWebElement(WebUIAbstractKeyword.groovy:27)
	at com.kms.katalon.core.webui.keyword.internal.WebUIAbstractKeyword.findWebElement(WebUIAbstractKeyword.groovy:26)
	at com.kms.katalon.core.webui.keyword.builtin.SelectOptionByLabelKeyword$_selectOptionByLabel_closure1.doCall(SelectOptionByLabelKeyword.groovy:86)
	at com.kms.katalon.core.webui.keyword.builtin.SelectOptionByLabelKeyword$_selectOptionByLabel_closure1.call(SelectOptionByLabelKeyword.groovy)
	at com.kms.katalon.core.webui.keyword.internal.WebUIKeywordMain.runKeyword(WebUIKeywordMain.groovy:20)
	... 20 more]]></system-out>
      <system-err><![CDATA[23-01-2024T08:25:23 - [TEST_SUITE][FAILED] - Amazon_ValidateSearch_002: Test Cases/TC_Amazon_ValidateSearchFieldItem_002 FAILED.
Reason:
com.kms.katalon.core.exception.StepFailedException: Unable to select option by label 'Electronics' of object 'Object Repository/AmazonPages/Amazon_ValidateSearchFieldItem_OR/Category_Elements/Page_Amazon.com. Spend less. Smile more/Category_Elements' 
	at com.kms.katalon.core.webui.keyword.internal.WebUIKeywordMain.stepFailed(WebUIKeywordMain.groovy:64)
	at com.kms.katalon.core.webui.keyword.internal.WebUIKeywordMain.runKeyword(WebUIKeywordMain.groovy:26)
	at com.kms.katalon.core.webui.keyword.builtin.SelectOptionByLabelKeyword.selectOptionByLabel(SelectOptionByLabelKeyword.groovy:98)
	at com.kms.katalon.core.webui.keyword.builtin.SelectOptionByLabelKeyword.execute(SelectOptionByLabelKeyword.groovy:71)
	at com.kms.katalon.core.keyword.internal.KeywordExecutor.executeKeywordForPlatform(KeywordExecutor.groovy:74)
	at com.kms.katalon.core.webui.keyword.WebUiBuiltInKeywords.selectOptionByLabel(WebUiBuiltInKeywords.groovy:1269)
	at TC_Amazon_ValidateSearchFieldItem_002.run(TC_Amazon_ValidateSearchFieldItem_002:36)
	at com.kms.katalon.core.main.ScriptEngine.run(ScriptEngine.java:194)
	at com.kms.katalon.core.main.ScriptEngine.runScriptAsRawText(ScriptEngine.java:119)
	at com.kms.katalon.core.main.TestCaseExecutor.runScript(TestCaseExecutor.java:448)
	at com.kms.katalon.core.main.TestCaseExecutor.doExecute(TestCaseExecutor.java:439)
	at com.kms.katalon.core.main.TestCaseExecutor.processExecutionPhase(TestCaseExecutor.java:418)
	at com.kms.katalon.core.main.TestCaseExecutor.accessMainPhase(TestCaseExecutor.java:410)
	at com.kms.katalon.core.main.TestCaseExecutor.execute(TestCaseExecutor.java:285)
	at com.kms.katalon.core.common.CommonExecutor.accessTestCaseMainPhase(CommonExecutor.java:65)
	at com.kms.katalon.core.main.TestSuiteExecutor.accessTestSuiteMainPhase(TestSuiteExecutor.java:148)
	at com.kms.katalon.core.main.TestSuiteExecutor.execute(TestSuiteExecutor.java:106)
	at com.kms.katalon.core.main.TestCaseMain.startTestSuite(TestCaseMain.java:180)
	at TempTestSuite1705978517966.run(TempTestSuite1705978517966.groovy:36)
	at java.base/jdk.internal.reflect.NativeMethodAccessorImpl.invoke0(Native Method)
	at java.base/jdk.internal.reflect.NativeMethodAccessorImpl.invoke(NativeMethodAccessorImpl.java:77)
	at java.base/jdk.internal.reflect.DelegatingMethodAccessorImpl.invoke(DelegatingMethodAccessorImpl.java:43)
Caused by: com.kms.katalon.core.webui.exception.WebElementNotFoundException: Web element with id: 'Object Repository/AmazonPages/Amazon_ValidateSearchFieldItem_OR/Category_Elements/Page_Amazon.com. Spend less. Smile more/Category_Elements' located by '//select[@id='searchDropdownBox']' not found
	at com.kms.katalon.core.webui.common.WebUiCommonHelper.findWebElement(WebUiCommonHelper.java:1379)
	at com.kms.katalon.core.webui.keyword.internal.WebUIAbstractKeyword.findWebElement(WebUIAbstractKeyword.groovy:27)
	at com.kms.katalon.core.webui.keyword.internal.WebUIAbstractKeyword.findWebElement(WebUIAbstractKeyword.groovy:26)
	at com.kms.katalon.core.webui.keyword.builtin.SelectOptionByLabelKeyword$_selectOptionByLabel_closure1.doCall(SelectOptionByLabelKeyword.groovy:86)
	at com.kms.katalon.core.webui.keyword.builtin.SelectOptionByLabelKeyword$_selectOptionByLabel_closure1.call(SelectOptionByLabelKeyword.groovy)
	at com.kms.katalon.core.webui.keyword.internal.WebUIKeywordMain.runKeyword(WebUIKeywordMain.groovy:20)
	... 20 more]]></system-err>
   </testsuite>
</testsuites>
